<?xml version="1.0" encoding="UTF-8"?>
<!-- Generated by org.testng.reporters.JUnitXMLReporter -->
<testsuite hostname="QINDW173" ignored="0" name="Test" tests="1" failures="1" timestamp="05 Aug 2019 12:17:18 GMT" time="23.568" errors="0">
  <testcase name="onboardingFlow" time="13.459" classname="eShopActivation.eShopActivation">
    <failure type="java.lang.IllegalArgumentException" message="Cannot find elements when the id is null.">
      <![CDATA[java.lang.IllegalArgumentException: Cannot find elements when the id is null.
at org.openqa.selenium.By.id(By.java:53)
at eShopActivation.eShopActivation.onboardingFlow(eShopActivation.java:58)
... Removed 25 stack frames]]>
    </failure>
  </testcase> <!-- onboardingFlow -->
</testsuite> <!-- Test -->
