<?xml version="1.0" encoding="UTF-8"?>
<testng-results skipped="0" failed="0" ignored="0" total="1" passed="1">
  <reporter-output>
  </reporter-output>
  <suite name="Suite" duration-ms="54076" started-at="2019-08-07T14:09:30Z" finished-at="2019-08-07T14:10:24Z">
    <groups>
    </groups>
    <test name="Test" duration-ms="54076" started-at="2019-08-07T14:09:30Z" finished-at="2019-08-07T14:10:24Z">
      <class name="eShopActivation.eShopActivation">
        <test-method status="PASS" signature="startBrowser()[pri:0, instance:eShopActivation.eShopActivation@5ed828d]" name="startBrowser" is-config="true" duration-ms="23716" started-at="2019-08-07T14:09:30Z" finished-at="2019-08-07T14:09:54Z">
          <reporter-output>
          </reporter-output>
        </test-method> <!-- startBrowser -->
        <test-method status="PASS" signature="onboardingFlow()[pri:0, instance:eShopActivation.eShopActivation@5ed828d]" name="onboardingFlow" duration-ms="30341" started-at="2019-08-07T14:09:54Z" finished-at="2019-08-07T14:10:24Z">
          <reporter-output>
          </reporter-output>
        </test-method> <!-- onboardingFlow -->
        <test-method status="PASS" signature="closeBrowser()[pri:0, instance:eShopActivation.eShopActivation@5ed828d]" name="closeBrowser" is-config="true" duration-ms="0" started-at="2019-08-07T14:10:24Z" finished-at="2019-08-07T14:10:24Z">
          <reporter-output>
          </reporter-output>
        </test-method> <!-- closeBrowser -->
      </class> <!-- eShopActivation.eShopActivation -->
    </test> <!-- Test -->
  </suite> <!-- Suite -->
</testng-results>
